[debug] [2021-10-31T09:49:55.548Z] ----------------------------------------------------------------------
[debug] [2021-10-31T09:49:55.551Z] Command:       C:\Program Files\nodejs\node.exe C:\Users\Shahinur\AppData\Roaming\npm\node_modules\firebase-tools\lib\bin\firebase.js init
[debug] [2021-10-31T09:49:55.551Z] CLI Version:   9.21.0
[debug] [2021-10-31T09:49:55.551Z] Platform:      win32
[debug] [2021-10-31T09:49:55.551Z] Node Version:  v14.17.6
[debug] [2021-10-31T09:49:55.552Z] Time:          Sun Oct 31 2021 15:49:55 GMT+0600 (Bangladesh Standard Time)
[debug] [2021-10-31T09:49:55.552Z] ----------------------------------------------------------------------
[debug] 
[debug] [2021-10-31T09:49:55.555Z] >>> [apiv2][query] GET https://firebase-public.firebaseio.com/cli.json [none]
[debug] [2021-10-31T09:49:55.584Z] > command requires scopes: ["email","openid","https://www.googleapis.com/auth/cloudplatformprojects.readonly","https://www.googleapis.com/auth/firebase","https://www.googleapis.com/auth/cloud-platform"]
[debug] [2021-10-31T09:49:55.584Z] > authorizing via signed-in user (shahinur02345@gmail.com)
[info] 
     ######## #### ########  ######## ########     ###     ######  ########
     ##        ##  ##     ## ##       ##     ##  ##   ##  ##       ##
     ######    ##  ########  ######   ########  #########  ######  ######
     ##        ##  ##    ##  ##       ##     ## ##     ##       ## ##
     ##       #### ##     ## ######## ########  ##     ##  ######  ########

You're about to initialize a Firebase project in this directory:

  E:\Assignments\assignmen-no-eleven

[debug] [2021-10-31T09:49:56.645Z] <<< [apiv2][status] GET https://firebase-public.firebaseio.com/cli.json 200
[debug] [2021-10-31T09:49:56.646Z] <<< [apiv2][body] GET https://firebase-public.firebaseio.com/cli.json {"cloudBuildErrorAfter":1594252800000,"cloudBuildWarnAfter":1590019200000,"defaultNode10After":1594252800000,"minVersion":"3.0.5","node8DeploysDisabledAfter":1613390400000,"node8RuntimeDisabledAfter":1615809600000,"node8WarnAfter":1600128000000}
[info] 
=== Project Setup
[info] 
[info] First, let's associate this project directory with a Firebase project.
[info] You can create multiple project aliases by running firebase use --add, 
[info] but for now we'll just set up a default project.
[info] 
[debug] [2021-10-31T09:50:18.058Z] > refreshing access token with scopes: []
[debug] [2021-10-31T09:50:18.059Z] >>> HTTP REQUEST POST https://www.googleapis.com/oauth2/v3/token  
 <request body omitted>
[debug] [2021-10-31T09:50:18.428Z] <<< HTTP RESPONSE 200 {"pragma":"no-cache","cache-control":"no-cache, no-store, max-age=0, must-revalidate","expires":"Mon, 01 Jan 1990 00:00:00 GMT","date":"Sun, 31 Oct 2021 09:50:18 GMT","content-type":"application/json; charset=utf-8","vary":"X-Origin, Referer, Origin,Accept-Encoding","server":"scaffolding on HTTPServer2","x-xss-protection":"0","x-frame-options":"SAMEORIGIN","x-content-type-options":"nosniff","alt-svc":"h3=\":443\"; ma=2592000,h3-29=\":443\"; ma=2592000,h3-Q050=\":443\"; ma=2592000,h3-Q046=\":443\"; ma=2592000,h3-Q043=\":443\"; ma=2592000,quic=\":443\"; ma=2592000; v=\"46,43\"","accept-ranges":"none","transfer-encoding":"chunked"}
[debug] [2021-10-31T09:50:18.454Z] >>> [apiv2][query] GET https://firebase.googleapis.com/v1beta1/projects pageSize=100
[debug] [2021-10-31T09:50:19.415Z] <<< [apiv2][status] GET https://firebase.googleapis.com/v1beta1/projects 200
[debug] [2021-10-31T09:50:19.416Z] <<< [apiv2][body] GET https://firebase.googleapis.com/v1beta1/projects [omitted]
[info] i  Using project travellover-a6ddb (TravelLover) 
[info] 
=== Hosting:github Setup
[info] 
[info] i  Detected a .git folder at E:\Assignments\assignmen-no-eleven 
[info] i  Authorizing with GitHub to upload your service account to a GitHub repository's secrets store. 
[info] 
[info] Visit this URL on this device to log in:
[info] https://github.com/login/oauth/authorize?client_id=89cf50f02ac6aaed3484&state=627907653&redirect_uri=http%3A%2F%2Flocalhost%3A9005&scope=read%3Auser%20repo%20public_repo
[info] 
[info] Waiting for authentication...
[debug] [2021-10-31T09:51:11.398Z] >>> HTTP REQUEST POST https://github.com/login/oauth/access_token  
 {"client_id":"89cf50f02ac6aaed3484","client_secret":"3330d14abc895d9a74d5f17cd7a00711fa2c5bf0","code":"303976dba6db1a579012","redirect_uri":"http://localhost:9005","state":"627907653"}
[debug] [2021-10-31T09:51:11.894Z] <<< HTTP RESPONSE 200 {"server":"GitHub.com","date":"Sun, 31 Oct 2021 09:51:12 GMT","content-type":"application/json; charset=utf-8","transfer-encoding":"chunked","vary":"X-PJAX, X-PJAX-Container, Accept-Encoding, Accept, X-Requested-With","permissions-policy":"interest-cohort=()","etag":"W/\"4bc56b9208b4720868c088558ddd258e\"","cache-control":"max-age=0, private, must-revalidate","strict-transport-security":"max-age=31536000; includeSubdomains; preload","x-frame-options":"deny","x-content-type-options":"nosniff","x-xss-protection":"0","referrer-policy":"origin-when-cross-origin, strict-origin-when-cross-origin","expect-ct":"max-age=2592000, report-uri=\"https://api.github.com/_private/browser/errors\"","content-security-policy":"default-src 'none'; base-uri 'self'; block-all-mixed-content; child-src github.com/assets-cdn/worker/ gist.github.com/assets-cdn/worker/; connect-src 'self' uploads.github.com objects-origin.githubusercontent.com www.githubstatus.com collector.githubapp.com api.github.com github-cloud.s3.amazonaws.com github-production-repository-file-5c1aeb.s3.amazonaws.com github-production-upload-manifest-file-7fdce7.s3.amazonaws.com github-production-user-asset-6210df.s3.amazonaws.com cdn.optimizely.com logx.optimizely.com/v1/events translator.github.com wss://alive.github.com; font-src github.githubassets.com; form-action 'self' github.com gist.github.com objects-origin.githubusercontent.com; frame-ancestors 'none'; frame-src render.githubusercontent.com viewscreen.githubusercontent.com notebooks.githubusercontent.com; img-src 'self' data: github.githubassets.com identicons.github.com collector.githubapp.com github-cloud.s3.amazonaws.com secured-user-images.githubusercontent.com/ *.githubusercontent.com; manifest-src 'self'; media-src github.com user-images.githubusercontent.com/; script-src github.githubassets.com; style-src 'unsafe-inline' github.githubassets.com; worker-src github.com/assets-cdn/worker/ gist.github.com/assets-cdn/worker/","x-github-request-id":"FD7C:3034:4834C8:5DB2AA:617E670F"}
[debug] [2021-10-31T09:51:11.908Z] >>> [apiv2][query] GET https://api.github.com/user [none]
[debug] [2021-10-31T09:51:12.418Z] <<< [apiv2][status] GET https://api.github.com/user 200
[debug] [2021-10-31T09:51:12.419Z] <<< [apiv2][body] GET https://api.github.com/user {"login":"shahinurrahman22004","id":86621728,"node_id":"MDQ6VXNlcjg2NjIxNzI4","avatar_url":"https://avatars.githubusercontent.com/u/86621728?v=4","gravatar_id":"","url":"https://api.github.com/users/shahinurrahman22004","html_url":"https://github.com/shahinurrahman22004","followers_url":"https://api.github.com/users/shahinurrahman22004/followers","following_url":"https://api.github.com/users/shahinurrahman22004/following{/other_user}","gists_url":"https://api.github.com/users/shahinurrahman22004/gists{/gist_id}","starred_url":"https://api.github.com/users/shahinurrahman22004/starred{/owner}{/repo}","subscriptions_url":"https://api.github.com/users/shahinurrahman22004/subscriptions","organizations_url":"https://api.github.com/users/shahinurrahman22004/orgs","repos_url":"https://api.github.com/users/shahinurrahman22004/repos","events_url":"https://api.github.com/users/shahinurrahman22004/events{/privacy}","received_events_url":"https://api.github.com/users/shahinurrahman22004/received_events","type":"User","site_admin":false,"name":"Shahinur Rahman","company":null,"blog":"","location":null,"email":null,"hireable":null,"bio":null,"twitter_username":null,"public_repos":21,"public_gists":0,"followers":0,"following":0,"created_at":"2021-06-28T17:22:25Z","updated_at":"2021-10-08T15:38:47Z","private_gists":0,"total_private_repos":0,"owned_private_repos":0,"disk_usage":50991,"collaborators":0,"two_factor_authentication":false,"plan":{"name":"free","space":976562499,"collaborators":0,"private_repos":10000}}
[info] 
[info] +  Success! Logged into GitHub as shahinurrahman22004 
[info] 
[debug] [2021-10-31T09:51:27.421Z] >>> [apiv2][query] GET https://api.github.com/repos//actions/secrets/public-key type=owner
[debug] [2021-10-31T09:51:27.937Z] <<< [apiv2][status] GET https://api.github.com/repos//actions/secrets/public-key 404
[debug] [2021-10-31T09:51:27.937Z] <<< [apiv2][body] GET https://api.github.com/repos//actions/secrets/public-key {"message":"Not Found","documentation_url":"https://docs.github.com/rest"}
[debug] [2021-10-31T09:51:32.581Z] >>> [apiv2][query] GET https://api.github.com/repos//actions/secrets/public-key type=owner
[debug] [2021-10-31T09:51:33.490Z] <<< [apiv2][status] GET https://api.github.com/repos//actions/secrets/public-key 404
[debug] [2021-10-31T09:51:33.490Z] <<< [apiv2][body] GET https://api.github.com/repos//actions/secrets/public-key {"message":"Not Found","documentation_url":"https://docs.github.com/rest"}
[debug] [2021-10-31T09:51:35.645Z] >>> [apiv2][query] GET https://api.github.com/repos//actions/secrets/public-key type=owner
[debug] [2021-10-31T09:51:36.074Z] <<< [apiv2][status] GET https://api.github.com/repos//actions/secrets/public-key 404
[debug] [2021-10-31T09:51:36.074Z] <<< [apiv2][body] GET https://api.github.com/repos//actions/secrets/public-key {"message":"Not Found","documentation_url":"https://docs.github.com/rest"}
[debug] [2021-10-31T09:51:38.245Z] >>> [apiv2][query] GET https://api.github.com/repos//actions/secrets/public-key type=owner
[debug] [2021-10-31T09:51:38.684Z] <<< [apiv2][status] GET https://api.github.com/repos//actions/secrets/public-key 404
[debug] [2021-10-31T09:51:38.684Z] <<< [apiv2][body] GET https://api.github.com/repos//actions/secrets/public-key {"message":"Not Found","documentation_url":"https://docs.github.com/rest"}
[debug] [2021-10-31T09:52:36.990Z] >>> [apiv2][query] GET https://api.github.com/repos/user/actions/secrets/public-key type=owner
[debug] [2021-10-31T09:52:38.371Z] <<< [apiv2][status] GET https://api.github.com/repos/user/actions/secrets/public-key 404
[debug] [2021-10-31T09:52:38.372Z] <<< [apiv2][body] GET https://api.github.com/repos/user/actions/secrets/public-key {"message":"Not Found","documentation_url":"https://docs.github.com/rest"}
[debug] [2021-10-31T09:52:54.029Z] >>> [apiv2][query] GET https://api.github.com/repos/respository/actions/secrets/public-key type=owner
[debug] [2021-10-31T09:52:55.545Z] <<< [apiv2][status] GET https://api.github.com/repos/respository/actions/secrets/public-key 404
[debug] [2021-10-31T09:52:55.546Z] <<< [apiv2][body] GET https://api.github.com/repos/respository/actions/secrets/public-key {"message":"Not Found","documentation_url":"https://docs.github.com/rest"}
[debug] [2021-10-31T09:53:02.557Z] >>> [apiv2][query] GET https://api.github.com/repos/user/actions/secrets/public-key type=owner
[debug] [2021-10-31T09:53:03.584Z] <<< [apiv2][status] GET https://api.github.com/repos/user/actions/secrets/public-key 404
[debug] [2021-10-31T09:53:03.585Z] <<< [apiv2][body] GET https://api.github.com/repos/user/actions/secrets/public-key {"message":"Not Found","documentation_url":"https://docs.github.com/rest"}
[debug] [2021-10-31T09:53:09.421Z] >>> [apiv2][query] GET https://api.github.com/repos/yes/actions/secrets/public-key type=owner
[debug] [2021-10-31T09:53:09.861Z] <<< [apiv2][status] GET https://api.github.com/repos/yes/actions/secrets/public-key 404
[debug] [2021-10-31T09:53:09.862Z] <<< [apiv2][body] GET https://api.github.com/repos/yes/actions/secrets/public-key {"message":"Not Found","documentation_url":"https://docs.github.com/rest"}
[debug] [2021-10-31T09:53:41.374Z] >>> [apiv2][query] GET https://api.github.com/repos/user/actions/secrets/public-key type=owner
[debug] [2021-10-31T09:53:41.881Z] <<< [apiv2][status] GET https://api.github.com/repos/user/actions/secrets/public-key 404
[debug] [2021-10-31T09:53:41.881Z] <<< [apiv2][body] GET https://api.github.com/repos/user/actions/secrets/public-key {"message":"Not Found","documentation_url":"https://docs.github.com/rest"}
